Flutter crash report.
Please report a bug at https://github.com/flutter/flutter/issues.

## command

flutter run

## exception

SocketException: SocketException: Send failed (OS Error: No route to host, errno = 65), address = 0.0.0.0, port = 5353

```
#0      _NativeSocket.send (dart:io-patch/socket_patch.dart:1275:34)
#1      _RawDatagramSocket.send (dart:io-patch/socket_patch.dart:2590:15)
#2      MDnsClient.lookup (package:multicast_dns/multicast_dns.dart:219:22)
#3      MDnsVmServiceDiscovery._pollingVmService (package:flutter_tools/src/mdns_discovery.dart:236:36)
<asynchronous suspension>
#4      MDnsVmServiceDiscovery.firstMatchingVmService (package:flutter_tools/src/mdns_discovery.dart:189:56)
<asynchronous suspension>
#5      MDnsVmServiceDiscovery.getVMServiceUriForLaunch (package:flutter_tools/src/mdns_discovery.dart:452:50)
<asynchronous suspension>
#6      Future.any.onValue (dart:async/future.dart:614:5)
<asynchronous suspension>
```

## flutter doctor

```
[32m[✓][39m Flutter (Channel stable, 3.27.3, on
    macOS 15.1 24B83 darwin-arm64, locale
    en-US)
    [32m•[39m Flutter version 3.27.3 on channel
      stable at
      /opt/homebrew/Caskroom/flutter/3.27.
      3/flutter
    [32m•[39m Upstream repository
      https://github.com/flutter/flutter.g
      it
    [32m•[39m Framework revision c519ee916e (7
      weeks ago), 2025-01-21 10:32:23
      -0800
    [32m•[39m Engine revision e672b006cb
    [32m•[39m Dart version 3.6.1
    [32m•[39m DevTools version 2.40.2

[32m[✓][39m Android toolchain - develop for
    Android devices (Android SDK version
    35.0.1)
    [32m•[39m Android SDK at
      /Users/badhasofuri/Library/Android/s
      dk
    [32m•[39m Platform android-35, build-tools
      35.0.1
    [32m•[39m Java binary at:
      /Applications/Android
      Studio.app/Contents/jbr/Contents/Hom
      e/bin/java
    [32m•[39m Java version OpenJDK Runtime
      Environment (build
      21.0.4+-12422083-b607.1)
    [32m•[39m All Android licenses accepted.

[32m[✓][39m Xcode - develop for iOS and macOS
    (Xcode 16.2)
    [32m•[39m Xcode at
      /Applications/Xcode.app/Contents/Dev
      eloper
    [32m•[39m Build 16C5032a
    [32m•[39m CocoaPods version 1.16.2

[32m[✓][39m Chrome - develop for the web
    [32m•[39m Chrome at /Applications/Google
      Chrome.app/Contents/MacOS/Google
      Chrome

[32m[✓][39m Android Studio (version 2024.2)
    [32m•[39m Android Studio at
      /Applications/Android
      Studio.app/Contents
    [32m•[39m Flutter plugin can be installed
      from:
      🔨
      https://plugins.jetbrains.com/plugin
      /9212-flutter
    [32m•[39m Dart plugin can be installed from:
      🔨
      https://plugins.jetbrains.com/plugin
      /6351-dart
    [32m•[39m Java version OpenJDK Runtime
      Environment (build
      21.0.4+-12422083-b607.1)

[32m[✓][39m VS Code (version 1.97.2)
    [32m•[39m VS Code at /Applications/Visual
      Studio Code.app/Contents
    [32m•[39m Flutter extension version 3.102.0

[32m[✓][39m Connected device (5 available)
    [32m•[39m iPhone (5) (mobile)             •
      00008120-000955E63658201E
      • ios            • iOS 18.4 22E5216h
    [32m•[39m iPhone 16 Pro Max (mobile)      •
      C721FF02-F11F-4BBA-B36F-62C9DACE1A6F
      • ios            •
      com.apple.CoreSimulator.SimRuntime.i
      OS-18-2 (simulator)
    [32m•[39m macOS (desktop)                 •
      macos
      • darwin-arm64   • macOS 15.1 24B83
      darwin-arm64
    [32m•[39m Mac Designed for iPad (desktop) •
      mac-designed-for-ipad
      • darwin         • macOS 15.1 24B83
      darwin-arm64
    [32m•[39m Chrome (web)                    •
      chrome
      • web-javascript • Google Chrome
      133.0.6943.143

[32m[✓][39m Network resources
    [32m•[39m All expected network resources are
      available.

[32m•[39m No issues found!
```
